<?xml version="1.0" encoding="UTF-8"?>
<!-- Generated by org.testng.reporters.JUnitReportReporter -->
<testsuite skipped="0" hostname="TOSHIBA-PC" name="codepackage.RestAssured.Test2_Post" tests="1" failures="0" timestamp="07 Sep 2019 10:08:50 GMT" time="3.776" errors="0">
  <testcase name="addPlace" time="3.776" classname="codepackage.RestAssured.Test2_Post"/>
</testsuite> <!-- codepackage.RestAssured.Test2_Post -->
