<?xml version="1.0" encoding="UTF-8"?>
<!-- Generated by org.testng.reporters.JUnitReportReporter -->
<testsuite skipped="0" hostname="TOSHIBA-PC" name="codepackage.RestAssured.Test1" tests="1" failures="0" timestamp="07 Sep 2019 07:22:20 GMT" time="11.095" errors="0">
  <testcase name="API_check" time="11.095" classname="codepackage.RestAssured.Test1"/>
</testsuite> <!-- codepackage.RestAssured.Test1 -->
