<?xml version="1.0" encoding="UTF-8"?>
<!-- Generated by org.testng.reporters.JUnitReportReporter -->
<testsuite skipped="0" hostname="TOSHIBA-PC" name="codepackage.RestAssured.Add_and_Delete" tests="1" failures="0" timestamp="07 Sep 2019 10:42:32 GMT" time="9.199" errors="0">
  <testcase name="addDelete" time="9.199" classname="codepackage.RestAssured.Add_and_Delete"/>
</testsuite> <!-- codepackage.RestAssured.Add_and_Delete -->
